<?xml version="1.0" encoding="utf-8"?><testsuites name="pytest tests"><testsuite name="pytest" errors="0" failures="0" skipped="0" tests="20" time="6.113" timestamp="2026-04-12T04:44:53.093973+00:00" hostname="agent-env-fb7bf40e-1151-4679-9ab7-de153d408fd3"><testcase classname="tests.test_pmhouse_api.TestAuth" name="test_register_new_user" time="0.421" /><testcase classname="tests.test_pmhouse_api.TestAuth" name="test_register_duplicate_email" time="0.111" /><testcase classname="tests.test_pmhouse_api.TestAuth" name="test_login_admin" time="0.328" /><testcase classname="tests.test_pmhouse_api.TestAuth" name="test_login_invalid_credentials" time="0.328" /><testcase classname="tests.test_pmhouse_api.TestAuth" name="test_get_me_with_token" time="0.435" /><testcase classname="tests.test_pmhouse_api.TestAuth" name="test_get_me_without_token" time="0.106" /><testcase classname="tests.test_pmhouse_api.TestCourse" name="test_get_modules_without_auth" time="0.137" /><testcase classname="tests.test_pmhouse_api.TestCourse" name="test_get_modules_with_auth" time="0.440" /><testcase classname="tests.test_pmhouse_api.TestCourse" name="test_get_module_lessons" time="0.113" /><testcase classname="tests.test_pmhouse_api.TestCourse" name="test_get_demo_lesson_without_auth" time="0.116" /><testcase classname="tests.test_pmhouse_api.TestCourse" name="test_get_non_demo_lesson_without_auth" time="0.108" /><testcase classname="tests.test_pmhouse_api.TestCourse" name="test_get_non_demo_lesson_with_paid_user" time="0.424" /><testcase classname="tests.test_pmhouse_api.TestExams" name="test_get_exams_without_auth" time="0.104" /><testcase classname="tests.test_pmhouse_api.TestExams" name="test_get_exams_with_paid_user" time="0.436" /><testcase classname="tests.test_pmhouse_api.TestExams" name="test_get_exam_detail_without_payment" time="0.439" /><testcase classname="tests.test_pmhouse_api.TestExams" name="test_get_exam_detail_with_payment" time="0.440" /><testcase classname="tests.test_pmhouse_api.TestPayment" name="test_get_payment_link" time="0.099" /><testcase classname="tests.test_pmhouse_api.TestPayment" name="test_confirm_payment" time="0.571" /><testcase classname="tests.test_pmhouse_api.TestCertificate" name="test_get_certificate_incomplete_course" time="0.430" /><testcase classname="tests.test_pmhouse_api.TestProgress" name="test_get_progress" time="0.435" /></testsuite></testsuites>