<?xml version="1.0" encoding="utf-8"?><testsuites name="pytest tests"><testsuite name="pytest" errors="0" failures="0" skipped="0" tests="25" time="8.072" timestamp="2026-04-12T05:02:28.100154+00:00" hostname="agent-env-fb7bf40e-1151-4679-9ab7-de153d408fd3"><testcase classname="tests.test_pmhouse_api.TestAuth" name="test_register_new_user" time="0.516" /><testcase classname="tests.test_pmhouse_api.TestAuth" name="test_register_duplicate_email" time="0.158" /><testcase classname="tests.test_pmhouse_api.TestAuth" name="test_login_admin" time="0.356" /><testcase classname="tests.test_pmhouse_api.TestAuth" name="test_login_invalid_credentials" time="0.339" /><testcase classname="tests.test_pmhouse_api.TestAuth" name="test_get_me_with_token" time="0.501" /><testcase classname="tests.test_pmhouse_api.TestAuth" name="test_get_me_without_token" time="0.101" /><testcase classname="tests.test_pmhouse_api.TestCourse" name="test_get_modules_without_auth" time="0.101" /><testcase classname="tests.test_pmhouse_api.TestCourse" name="test_get_modules_with_auth" time="0.482" /><testcase classname="tests.test_pmhouse_api.TestCourse" name="test_get_module_lessons" time="0.102" /><testcase classname="tests.test_pmhouse_api.TestCourse" name="test_get_demo_lesson_without_auth" time="0.160" /><testcase classname="tests.test_pmhouse_api.TestCourse" name="test_get_non_demo_lesson_without_auth" time="0.120" /><testcase classname="tests.test_pmhouse_api.TestCourse" name="test_get_non_demo_lesson_with_paid_user" time="0.472" /><testcase classname="tests.test_pmhouse_api.TestExams" name="test_get_exams_without_auth" time="0.112" /><testcase classname="tests.test_pmhouse_api.TestExams" name="test_get_exams_with_paid_user" time="0.440" /><testcase classname="tests.test_pmhouse_api.TestExams" name="test_get_exam_detail_without_payment" time="0.438" /><testcase classname="tests.test_pmhouse_api.TestExams" name="test_get_exam_detail_with_payment" time="0.435" /><testcase classname="tests.test_pmhouse_api.TestPayment" name="test_get_payment_info" time="0.108" /><testcase classname="tests.test_pmhouse_api.TestAudioTTS" name="test_get_slide_audio" time="0.155" /><testcase classname="tests.test_pmhouse_api.TestAudioTTS" name="test_audio_caching" time="0.361" /><testcase classname="tests.test_pmhouse_api.TestAudioTTS" name="test_audio_invalid_lesson" time="0.108" /><testcase classname="tests.test_pmhouse_api.TestAudioTTS" name="test_audio_invalid_slide_index" time="0.101" /><testcase classname="tests.test_pmhouse_api.TestAdmin" name="test_admin_activate_user" time="0.993" /><testcase classname="tests.test_pmhouse_api.TestAdmin" name="test_admin_activate_user_non_admin" time="0.437" /><testcase classname="tests.test_pmhouse_api.TestCertificate" name="test_get_certificate_incomplete_course" time="0.434" /><testcase classname="tests.test_pmhouse_api.TestProgress" name="test_get_progress" time="0.436" /></testsuite></testsuites>